TN:
SF:src/main/js/cli.js
FN:7,densify
FN:11,camelize
FN:12,normalizeFlags
FNF:3
FNH:3
FNDA:1,densify
FNDA:7,camelize
FNDA:3,normalizeFlags
DA:1,3
DA:2,3
DA:3,3
DA:4,3
DA:5,3
DA:6,3
DA:7,3
DA:8,1
DA:9,1
DA:10,1
DA:11,3
DA:12,3
DA:13,3
DA:14,7
DA:15,0
DA:16,0
DA:17,0
DA:18,7
DA:19,7
DA:20,3
DA:21,3
DA:22,3
DA:23,3
DA:24,3
DA:25,1
DA:26,1
DA:27,1
DA:28,1
DA:29,1
DA:30,1
DA:31,1
DA:32,1
DA:33,1
DA:34,1
DA:35,1
DA:36,1
DA:37,1
DA:38,1
DA:39,1
DA:40,1
DA:41,1
DA:42,3
DA:43,1
DA:44,1
DA:45,1
DA:46,1
DA:47,1
DA:48,1
DA:49,1
DA:50,1
DA:51,1
DA:52,1
DA:53,1
DA:54,1
LF:54
LH:51
BRDA:1,0,0,3
BRDA:24,1,0,2
BRDA:24,2,0,1
BRDA:42,3,0,2
BRDA:42,4,0,1
BRDA:42,5,0,1
BRDA:48,6,0,0
BRDA:7,7,0,1
BRDA:8,8,0,4
BRDA:8,9,0,2
BRDA:11,10,0,7
BRDA:12,11,0,3
BRDA:13,12,0,7
BRDA:14,13,0,0
BRF:14
BRH:12
end_of_record
TN:
SF:src/main/js/index.js
FN:16,fix
FN:34,patch
FN:43,patchContents
FN:77,patchOpenapiMetadataFactory
FN:127,declareField
FN:151,patchOpenapiVariable
FN:160,patchClassRequire
FN:187,patchDirnameVar
FN:193,patchBuiltinsRequire
FN:211,patchRequireMain
FN:221,patchRedocTemplate
FNF:11
FNH:11
FNDA:4,fix
FNDA:3,patch
FNDA:8,patchContents
FNDA:5,patchOpenapiMetadataFactory
FNDA:9,declareField
FNDA:3,patchOpenapiVariable
FNDA:3,patchClassRequire
FNDA:2,patchDirnameVar
FNDA:4,patchBuiltinsRequire
FNDA:4,patchRequireMain
FNDA:4,patchRedocTemplate
DA:1,1
DA:2,1
DA:3,1
DA:4,1
DA:5,1
DA:6,1
DA:7,1
DA:8,1
DA:9,1
DA:10,1
DA:11,1
DA:12,1
DA:13,1
DA:14,1
DA:15,1
DA:16,1
DA:17,4
DA:18,1
DA:19,1
DA:20,3
DA:21,3
DA:22,3
DA:23,4
DA:24,4
DA:25,1
DA:26,1
DA:27,4
DA:28,3
DA:29,3
DA:30,3
DA:31,3
DA:32,4
DA:33,1
DA:34,1
DA:35,3
DA:36,3
DA:37,3
DA:38,3
DA:39,2
DA:40,2
DA:41,3
DA:42,1
DA:43,1
DA:44,8
DA:45,8
DA:46,8
DA:47,3
DA:48,3
DA:49,8
DA:50,8
DA:51,3
DA:52,3
DA:53,8
DA:54,8
DA:55,4
DA:56,4
DA:57,8
DA:58,8
DA:59,2
DA:60,2
DA:61,8
DA:62,8
DA:63,5
DA:64,5
DA:65,8
DA:66,8
DA:67,4
DA:68,4
DA:69,8
DA:70,8
DA:71,4
DA:72,4
DA:73,8
DA:74,8
DA:75,8
DA:76,1
DA:77,1
DA:78,5
DA:79,5
DA:80,5
DA:81,5
DA:82,5
DA:83,15
DA:84,15
DA:85,10
DA:86,10
DA:87,5
DA:88,5
DA:89,5
DA:90,10
DA:91,10
DA:92,10
DA:93,10
DA:94,10
DA:95,10
DA:96,46
DA:97,8
DA:98,8
DA:99,46
DA:100,46
DA:101,1
DA:102,1
DA:103,46
DA:104,46
DA:105,1
DA:106,1
DA:107,46
DA:108,46
DA:109,1
DA:110,1
DA:111,46
DA:112,46
DA:113,10
DA:114,10
DA:115,10
DA:116,10
DA:117,10
DA:118,10
DA:119,10
DA:120,10
DA:121,10
DA:122,10
DA:123,10
DA:124,10
DA:125,5
DA:126,5
DA:127,5
DA:128,9
DA:129,9
DA:130,9
DA:131,5
DA:132,5
DA:133,5
DA:134,5
DA:135,2
DA:136,2
DA:137,2
DA:138,2
DA:139,0
DA:140,0
DA:141,2
DA:142,2
DA:143,2
DA:144,2
DA:145,2
DA:146,2
DA:147,5
DA:148,5
DA:149,5
DA:150,1
DA:151,1
DA:152,3
DA:153,2
DA:154,2
DA:155,2
DA:156,1
DA:157,1
DA:158,3
DA:159,1
DA:160,1
DA:161,3
DA:162,3
DA:163,3
DA:164,1
DA:165,1
DA:166,1
DA:167,1
DA:168,1
DA:169,1
DA:170,1
DA:171,3
DA:172,3
DA:173,3
DA:174,1
DA:175,1
DA:176,1
DA:177,1
DA:178,1
DA:179,1
DA:180,1
DA:181,1
DA:182,1
DA:183,2
DA:184,2
DA:185,3
DA:186,1
DA:187,1
DA:188,2
DA:189,2
DA:190,2
DA:191,1
DA:192,1
DA:193,1
DA:194,4
DA:195,4
DA:196,4
DA:197,4
DA:198,4
DA:199,4
DA:200,2
DA:201,2
DA:202,2
DA:203,2
DA:204,2
DA:205,2
DA:206,4
DA:207,4
DA:208,4
DA:209,4
DA:210,1
DA:211,1
DA:212,4
DA:213,4
DA:214,4
DA:215,1
DA:216,1
DA:217,1
DA:218,4
DA:219,4
DA:220,1
DA:221,1
DA:222,4
DA:223,4
DA:224,4
DA:225,4
DA:226,4
DA:227,4
DA:228,4
DA:229,4
DA:230,4
DA:231,4
LF:231
LH:229
BRDA:1,0,0,1
BRDA:16,1,0,4
BRDA:17,2,0,1
BRDA:20,3,0,3
BRDA:23,4,0,2
BRDA:24,5,0,1
BRDA:25,6,0,0
BRDA:28,7,0,3
BRDA:29,8,0,3
BRDA:34,9,0,3
BRDA:38,10,0,2
BRDA:43,11,0,8
BRDA:46,12,0,3
BRDA:50,13,0,3
BRDA:54,14,0,7
BRDA:54,15,0,4
BRDA:58,16,0,2
BRDA:62,17,0,5
BRDA:66,18,0,4
BRDA:70,19,0,4
BRDA:77,20,0,5
BRDA:82,21,0,15
BRDA:84,22,0,10
BRDA:89,23,0,10
BRDA:121,24,0,3
BRDA:95,25,0,46
BRDA:96,26,0,8
BRDA:100,27,0,1
BRDA:104,28,0,1
BRDA:108,29,0,45
BRDA:108,30,0,1
BRDA:112,31,0,10
BRDA:115,32,0,1
BRDA:116,33,0,1
BRDA:117,34,0,9
BRDA:127,35,0,9
BRDA:128,36,0,8
BRDA:128,37,0,1
BRDA:129,38,0,1
BRDA:129,39,0,8
BRDA:134,40,0,2
BRDA:135,41,0,1
BRDA:138,42,0,0
BRDA:151,43,0,3
BRDA:152,44,0,2
BRDA:152,45,0,2
BRDA:156,46,0,1
BRDA:160,47,0,3
BRDA:173,48,0,1
BRDA:183,49,0,2
BRDA:163,50,0,1
BRDA:177,51,0,1
BRDA:187,52,0,2
BRDA:193,53,0,4
BRDA:199,54,0,2
BRDA:211,55,0,4
BRDA:214,56,0,1
BRDA:221,57,0,4
BRF:58
BRH:56
end_of_record
TN:
SF:src/test/js/bundle.test.js
FNF:0
FNH:0
DA:1,1
DA:2,1
DA:3,1
DA:4,1
DA:5,1
DA:6,1
DA:7,1
DA:8,1
DA:9,1
DA:10,1
DA:11,1
LF:11
LH:11
BRDA:1,0,0,1
BRDA:7,1,0,1
BRF:2
BRH:2
end_of_record
TN:
SF:src/test/js/cli.test.js
FN:11,process.exit
FNF:1
FNH:1
FNDA:2,process.exit
DA:1,1
DA:2,1
DA:3,1
DA:4,1
DA:5,1
DA:6,1
DA:7,1
DA:8,1
DA:9,1
DA:10,1
DA:11,1
DA:12,1
DA:13,1
DA:14,1
DA:15,1
DA:16,1
DA:17,1
DA:18,1
DA:19,1
DA:20,1
DA:21,1
DA:22,1
DA:23,1
DA:24,1
DA:25,1
DA:26,1
DA:27,1
DA:28,1
DA:29,1
DA:30,1
DA:31,1
DA:32,1
DA:33,1
DA:34,1
DA:35,1
DA:36,1
DA:37,1
DA:38,1
DA:39,1
DA:40,1
DA:41,1
DA:42,1
DA:43,1
DA:44,1
DA:45,1
LF:45
LH:45
BRDA:1,0,0,1
BRDA:11,1,0,2
BRDA:13,2,0,1
BRDA:35,3,0,1
BRDA:40,4,0,1
BRF:5
BRH:5
end_of_record
TN:
SF:src/test/js/index.test.js
FNF:0
FNH:0
DA:1,1
DA:2,1
DA:3,1
DA:4,1
DA:5,1
DA:6,1
DA:7,1
DA:8,1
DA:9,1
DA:10,1
DA:11,1
DA:12,1
DA:13,1
DA:14,1
DA:15,1
DA:16,1
DA:17,1
DA:18,1
DA:19,1
DA:20,1
DA:21,1
DA:22,1
DA:23,1
DA:24,1
DA:25,1
DA:26,1
DA:27,1
DA:28,1
DA:29,1
DA:30,1
DA:31,1
DA:32,1
DA:33,1
DA:34,1
DA:35,1
DA:36,1
DA:37,1
DA:38,1
DA:39,1
DA:40,1
DA:41,1
DA:42,1
DA:43,1
DA:44,1
DA:45,1
DA:46,1
DA:47,1
DA:48,1
DA:49,1
DA:50,1
DA:51,1
DA:52,1
DA:53,1
DA:54,1
DA:55,1
DA:56,1
DA:57,1
DA:58,1
DA:59,1
DA:60,1
DA:61,1
DA:62,1
DA:63,1
DA:64,1
DA:65,1
DA:66,1
DA:67,1
DA:68,1
DA:69,1
DA:70,1
DA:71,1
DA:72,1
DA:73,1
DA:74,1
DA:75,1
DA:76,1
DA:77,1
DA:78,1
DA:79,1
DA:80,1
DA:81,1
DA:82,1
DA:83,1
DA:84,1
DA:85,1
DA:86,1
DA:87,1
DA:88,1
DA:89,1
DA:90,1
DA:91,1
DA:92,1
DA:93,1
DA:94,1
DA:95,1
DA:96,1
DA:97,1
DA:98,1
DA:99,1
DA:100,1
DA:101,1
DA:102,1
DA:103,1
DA:104,1
DA:105,1
DA:106,1
DA:107,1
DA:108,1
DA:109,1
DA:110,1
DA:111,1
DA:112,1
DA:113,1
DA:114,1
DA:115,1
DA:116,1
DA:117,1
DA:118,1
DA:119,1
DA:120,1
DA:121,1
DA:122,1
DA:123,1
DA:124,1
DA:125,1
DA:126,1
DA:127,1
DA:128,1
DA:129,1
DA:130,1
DA:131,1
DA:132,1
DA:133,1
DA:134,1
DA:135,1
DA:136,1
DA:137,1
DA:138,1
DA:139,1
DA:140,1
DA:141,1
DA:142,1
DA:143,1
DA:144,1
DA:145,1
DA:146,1
DA:147,1
DA:148,1
DA:149,1
DA:150,1
DA:151,1
DA:152,1
DA:153,1
DA:154,1
DA:155,1
DA:156,1
DA:157,1
DA:158,1
DA:159,1
DA:160,1
DA:161,1
DA:162,1
DA:163,1
DA:164,1
DA:165,1
DA:166,1
DA:167,1
DA:168,1
DA:169,1
DA:170,1
DA:171,1
DA:172,1
DA:173,1
DA:174,1
DA:175,1
DA:176,1
DA:177,1
DA:178,1
DA:179,1
DA:180,1
DA:181,1
DA:182,1
DA:183,1
DA:184,1
DA:185,1
DA:186,1
DA:187,1
DA:188,1
DA:189,1
DA:190,1
DA:191,1
DA:192,1
DA:193,1
DA:194,1
DA:195,1
DA:196,1
DA:197,1
DA:198,1
DA:199,1
DA:200,1
DA:201,1
DA:202,1
DA:203,1
DA:204,1
DA:205,1
DA:206,1
DA:207,1
DA:208,1
LF:208
LH:208
BRDA:1,0,0,1
BRDA:10,1,0,1
BRDA:63,2,0,1
BRDA:77,3,0,1
BRDA:80,4,0,0
BRDA:86,5,0,1
BRDA:142,6,0,1
BRDA:161,7,0,1
BRDA:186,8,0,1
BRDA:200,9,0,1
BRF:10
BRH:9
end_of_record
