TN:
SF:src/main/js/cli.js
FN:7,densify
FN:11,camelize
FN:12,normalizeFlags
FNF:3
FNH:3
FNDA:1,densify
FNDA:7,camelize
FNDA:3,normalizeFlags
DA:1,3
DA:2,3
DA:3,3
DA:4,3
DA:5,3
DA:6,3
DA:7,3
DA:8,1
DA:9,1
DA:10,1
DA:11,3
DA:12,3
DA:13,3
DA:14,7
DA:15,0
DA:16,0
DA:17,0
DA:18,7
DA:19,7
DA:20,3
DA:21,3
DA:22,3
DA:23,3
DA:24,3
DA:25,1
DA:26,1
DA:27,1
DA:28,1
DA:29,1
DA:30,1
DA:31,1
DA:32,1
DA:33,1
DA:34,1
DA:35,1
DA:36,1
DA:37,1
DA:38,1
DA:39,1
DA:40,1
DA:41,1
DA:42,3
DA:43,1
DA:44,1
DA:45,1
DA:46,1
DA:47,1
DA:48,1
DA:49,1
DA:50,1
DA:51,1
DA:52,1
DA:53,1
DA:54,1
LF:54
LH:51
BRDA:1,0,0,3
BRDA:24,1,0,2
BRDA:24,2,0,1
BRDA:42,3,0,2
BRDA:42,4,0,1
BRDA:42,5,0,1
BRDA:48,6,0,0
BRDA:7,7,0,1
BRDA:8,8,0,4
BRDA:8,9,0,2
BRDA:11,10,0,7
BRDA:12,11,0,3
BRDA:13,12,0,7
BRDA:14,13,0,0
BRF:14
BRH:12
end_of_record
TN:
SF:src/main/js/index.js
FN:15,fix
FN:29,patch
FN:38,patchContents
FN:72,patchOpenapiMetadataFactory
FN:110,declareField
FN:129,patchOpenapiVariable
FN:138,patchClassRequire
FN:165,patchDirnameVar
FN:171,patchBuiltinsRequire
FN:189,patchRequireMain
FN:199,patchRedocTemplate
FNF:11
FNH:11
FNDA:4,fix
FNDA:3,patch
FNDA:7,patchContents
FNDA:4,patchOpenapiMetadataFactory
FNDA:8,declareField
FNDA:3,patchOpenapiVariable
FNDA:3,patchClassRequire
FNDA:2,patchDirnameVar
FNDA:4,patchBuiltinsRequire
FNDA:4,patchRequireMain
FNDA:4,patchRedocTemplate
DA:1,1
DA:2,1
DA:3,1
DA:4,1
DA:5,1
DA:6,1
DA:7,1
DA:8,1
DA:9,1
DA:10,1
DA:11,1
DA:12,1
DA:13,1
DA:14,1
DA:15,1
DA:16,4
DA:17,1
DA:18,1
DA:19,3
DA:20,3
DA:21,4
DA:22,4
DA:23,3
DA:24,3
DA:25,3
DA:26,3
DA:27,4
DA:28,1
DA:29,1
DA:30,3
DA:31,3
DA:32,3
DA:33,3
DA:34,2
DA:35,2
DA:36,3
DA:37,1
DA:38,1
DA:39,7
DA:40,7
DA:41,7
DA:42,3
DA:43,3
DA:44,7
DA:45,7
DA:46,3
DA:47,3
DA:48,7
DA:49,7
DA:50,4
DA:51,4
DA:52,7
DA:53,7
DA:54,2
DA:55,2
DA:56,7
DA:57,7
DA:58,4
DA:59,4
DA:60,7
DA:61,7
DA:62,4
DA:63,4
DA:64,7
DA:65,7
DA:66,4
DA:67,4
DA:68,7
DA:69,7
DA:70,7
DA:71,1
DA:72,1
DA:73,4
DA:74,4
DA:75,4
DA:76,4
DA:77,4
DA:78,13
DA:79,13
DA:80,9
DA:81,9
DA:82,4
DA:83,4
DA:84,4
DA:85,9
DA:86,9
DA:87,9
DA:88,9
DA:89,9
DA:90,9
DA:91,41
DA:92,9
DA:93,9
DA:94,41
DA:95,41
DA:96,8
DA:97,8
DA:98,41
DA:99,41
DA:100,1
DA:101,1
DA:102,9
DA:103,9
DA:104,9
DA:105,9
DA:106,9
DA:107,9
DA:108,4
DA:109,4
DA:110,4
DA:111,8
DA:112,8
DA:113,8
DA:114,4
DA:115,4
DA:116,1
DA:117,1
DA:118,0
DA:119,0
DA:120,1
DA:121,1
DA:122,1
DA:123,1
DA:124,1
DA:125,1
DA:126,4
DA:127,4
DA:128,1
DA:129,1
DA:130,3
DA:131,2
DA:132,2
DA:133,2
DA:134,1
DA:135,1
DA:136,3
DA:137,1
DA:138,1
DA:139,3
DA:140,3
DA:141,3
DA:142,1
DA:143,1
DA:144,1
DA:145,1
DA:146,1
DA:147,1
DA:148,1
DA:149,3
DA:150,3
DA:151,3
DA:152,1
DA:153,1
DA:154,1
DA:155,1
DA:156,1
DA:157,1
DA:158,1
DA:159,1
DA:160,1
DA:161,2
DA:162,2
DA:163,3
DA:164,1
DA:165,1
DA:166,2
DA:167,2
DA:168,2
DA:169,1
DA:170,1
DA:171,1
DA:172,4
DA:173,4
DA:174,4
DA:175,4
DA:176,4
DA:177,4
DA:178,2
DA:179,2
DA:180,2
DA:181,2
DA:182,2
DA:183,2
DA:184,4
DA:185,4
DA:186,4
DA:187,4
DA:188,1
DA:189,1
DA:190,4
DA:191,4
DA:192,4
DA:193,1
DA:194,1
DA:195,1
DA:196,4
DA:197,4
DA:198,1
DA:199,1
DA:200,4
DA:201,4
DA:202,4
DA:203,4
DA:204,4
DA:205,4
DA:206,4
DA:207,4
DA:208,4
DA:209,4
LF:209
LH:207
BRDA:1,0,0,1
BRDA:15,1,0,4
BRDA:16,2,0,1
BRDA:19,3,0,3
BRDA:21,4,0,2
BRDA:21,5,0,1
BRDA:23,6,0,3
BRDA:24,7,0,3
BRDA:29,8,0,3
BRDA:33,9,0,2
BRDA:38,10,0,7
BRDA:41,11,0,3
BRDA:45,12,0,3
BRDA:49,13,0,6
BRDA:49,14,0,4
BRDA:53,15,0,2
BRDA:57,16,0,4
BRDA:61,17,0,4
BRDA:65,18,0,4
BRDA:72,19,0,4
BRDA:77,20,0,13
BRDA:79,21,0,9
BRDA:84,22,0,9
BRDA:104,23,0,2
BRDA:90,24,0,41
BRDA:91,25,0,9
BRDA:95,26,0,8
BRDA:99,27,0,1
BRDA:110,28,0,8
BRDA:111,29,0,0
BRDA:112,30,0,1
BRDA:112,31,0,7
BRDA:115,32,0,1
BRDA:117,33,0,0
BRDA:129,34,0,3
BRDA:130,35,0,2
BRDA:130,36,0,2
BRDA:134,37,0,1
BRDA:138,38,0,3
BRDA:151,39,0,1
BRDA:161,40,0,2
BRDA:141,41,0,1
BRDA:155,42,0,1
BRDA:165,43,0,2
BRDA:171,44,0,4
BRDA:177,45,0,2
BRDA:189,46,0,4
BRDA:192,47,0,1
BRDA:199,48,0,4
BRF:49
BRH:47
end_of_record
TN:
SF:src/test/js/bundle.test.js
FNF:0
FNH:0
DA:1,1
DA:2,1
DA:3,1
DA:4,1
DA:5,1
DA:6,1
DA:7,1
DA:8,1
DA:9,1
DA:10,1
DA:11,1
LF:11
LH:11
BRDA:1,0,0,1
BRDA:7,1,0,1
BRF:2
BRH:2
end_of_record
TN:
SF:src/test/js/cli.test.js
FN:11,process.exit
FNF:1
FNH:1
FNDA:2,process.exit
DA:1,1
DA:2,1
DA:3,1
DA:4,1
DA:5,1
DA:6,1
DA:7,1
DA:8,1
DA:9,1
DA:10,1
DA:11,1
DA:12,1
DA:13,1
DA:14,1
DA:15,1
DA:16,1
DA:17,1
DA:18,1
DA:19,1
DA:20,1
DA:21,1
DA:22,1
DA:23,1
DA:24,1
DA:25,1
DA:26,1
DA:27,1
DA:28,1
DA:29,1
DA:30,1
DA:31,1
DA:32,1
DA:33,1
DA:34,1
DA:35,1
DA:36,1
DA:37,1
DA:38,1
DA:39,1
DA:40,1
DA:41,1
DA:42,1
DA:43,1
DA:44,1
DA:45,1
LF:45
LH:45
BRDA:1,0,0,1
BRDA:11,1,0,2
BRDA:13,2,0,1
BRDA:35,3,0,1
BRDA:40,4,0,1
BRF:5
BRH:5
end_of_record
TN:
SF:src/test/js/index.test.js
FNF:0
FNH:0
DA:1,1
DA:2,1
DA:3,1
DA:4,1
DA:5,1
DA:6,1
DA:7,1
DA:8,1
DA:9,1
DA:10,1
DA:11,1
DA:12,1
DA:13,1
DA:14,1
DA:15,1
DA:16,1
DA:17,1
DA:18,1
DA:19,1
DA:20,1
DA:21,1
DA:22,1
DA:23,1
DA:24,1
DA:25,1
DA:26,1
DA:27,1
DA:28,1
DA:29,1
DA:30,1
DA:31,1
DA:32,1
DA:33,1
DA:34,1
DA:35,1
DA:36,1
DA:37,1
DA:38,1
DA:39,1
DA:40,1
DA:41,1
DA:42,1
DA:43,1
DA:44,1
DA:45,1
DA:46,1
DA:47,1
DA:48,1
DA:49,1
DA:50,1
DA:51,1
DA:52,1
DA:53,1
DA:54,1
DA:55,1
DA:56,1
DA:57,1
DA:58,1
DA:59,1
DA:60,1
DA:61,1
DA:62,1
DA:63,1
DA:64,1
DA:65,1
DA:66,1
DA:67,1
DA:68,1
DA:69,1
DA:70,1
DA:71,1
DA:72,1
DA:73,1
DA:74,1
DA:75,1
DA:76,1
DA:77,1
DA:78,1
DA:79,1
DA:80,1
DA:81,1
DA:82,1
DA:83,1
DA:84,1
DA:85,1
DA:86,1
DA:87,1
DA:88,1
DA:89,1
DA:90,1
DA:91,1
DA:92,1
DA:93,1
DA:94,1
DA:95,1
DA:96,1
DA:97,1
DA:98,1
DA:99,1
DA:100,1
DA:101,1
DA:102,1
DA:103,1
DA:104,1
DA:105,1
DA:106,1
DA:107,1
DA:108,1
DA:109,1
DA:110,1
DA:111,1
DA:112,1
DA:113,1
DA:114,1
DA:115,1
DA:116,1
DA:117,1
DA:118,1
DA:119,1
DA:120,1
DA:121,1
DA:122,1
DA:123,1
DA:124,1
DA:125,1
DA:126,1
DA:127,1
DA:128,1
DA:129,1
DA:130,1
DA:131,1
DA:132,1
DA:133,1
DA:134,1
DA:135,1
DA:136,1
DA:137,1
DA:138,1
DA:139,1
DA:140,1
DA:141,1
DA:142,1
DA:143,1
DA:144,1
DA:145,1
DA:146,1
DA:147,1
DA:148,1
DA:149,1
DA:150,1
DA:151,1
DA:152,1
DA:153,1
DA:154,1
DA:155,1
DA:156,1
DA:157,1
DA:158,1
DA:159,1
DA:160,1
DA:161,1
DA:162,1
DA:163,1
DA:164,1
DA:165,1
DA:166,1
DA:167,1
DA:168,1
DA:169,1
DA:170,1
DA:171,1
DA:172,1
DA:173,1
DA:174,1
DA:175,1
DA:176,1
DA:177,1
DA:178,1
DA:179,1
DA:180,1
DA:181,1
DA:182,1
DA:183,1
DA:184,1
DA:185,1
DA:186,1
DA:187,1
DA:188,1
DA:189,1
LF:189
LH:189
BRDA:1,0,0,1
BRDA:10,1,0,1
BRDA:63,2,0,1
BRDA:77,3,0,1
BRDA:80,4,0,0
BRDA:86,5,0,1
BRDA:142,6,0,1
BRDA:167,7,0,1
BRDA:181,8,0,1
BRF:9
BRH:8
end_of_record
