TN:
SF:src/main/js/cli.js
FN:7,densify
FN:11,camelize
FN:12,normalizeFlags
FNF:3
FNH:3
FNDA:1,densify
FNDA:7,camelize
FNDA:3,normalizeFlags
DA:1,3
DA:2,3
DA:3,3
DA:4,3
DA:5,3
DA:6,3
DA:7,3
DA:8,1
DA:9,1
DA:10,1
DA:11,3
DA:12,3
DA:13,3
DA:14,7
DA:15,0
DA:16,0
DA:17,0
DA:18,7
DA:19,7
DA:20,3
DA:21,3
DA:22,3
DA:23,3
DA:24,3
DA:25,1
DA:26,1
DA:27,1
DA:28,1
DA:29,1
DA:30,1
DA:31,1
DA:32,1
DA:33,1
DA:34,1
DA:35,1
DA:36,1
DA:37,1
DA:38,1
DA:39,1
DA:40,1
DA:41,1
DA:42,1
DA:43,1
DA:44,1
DA:45,1
DA:46,1
DA:47,3
DA:48,1
DA:49,1
DA:50,1
DA:51,1
DA:52,1
DA:53,1
DA:54,1
DA:55,1
DA:56,1
DA:57,1
DA:58,1
LF:58
LH:55
BRDA:1,0,0,3
BRDA:24,1,0,2
BRDA:24,2,0,1
BRDA:47,3,0,2
BRDA:47,4,0,1
BRDA:47,5,0,1
BRDA:54,6,0,0
BRDA:7,7,0,1
BRDA:8,8,0,4
BRDA:8,9,0,0
BRDA:11,10,0,7
BRDA:12,11,0,3
BRDA:13,12,0,7
BRDA:14,13,0,0
BRF:14
BRH:11
end_of_record
TN:
SF:src/main/js/index.js
FN:17,fix
FN:35,patch
FN:44,patchContents
FN:82,patchOpenapiMetadataFactory
FN:132,declareField
FN:156,patchOpenapiVariable
FN:165,patchClassRequire
FN:192,patchDirnameVar
FN:199,patchBuiltinsRequire
FN:217,patchRequireMain
FN:227,patchRedocTemplate
FN:239,patchComplexTypes
FNF:12
FNH:12
FNDA:4,fix
FNDA:3,patch
FNDA:9,patchContents
FNDA:5,patchOpenapiMetadataFactory
FNDA:9,declareField
FNDA:3,patchOpenapiVariable
FNDA:2,patchClassRequire
FNDA:2,patchDirnameVar
FNDA:3,patchBuiltinsRequire
FNDA:4,patchRequireMain
FNDA:4,patchRedocTemplate
FNDA:4,patchComplexTypes
DA:1,1
DA:2,1
DA:3,1
DA:4,1
DA:5,1
DA:6,1
DA:7,1
DA:8,1
DA:9,1
DA:10,1
DA:11,1
DA:12,1
DA:13,1
DA:14,1
DA:15,1
DA:16,1
DA:17,1
DA:18,4
DA:19,1
DA:20,1
DA:21,3
DA:22,3
DA:23,3
DA:24,4
DA:25,4
DA:26,1
DA:27,1
DA:28,4
DA:29,3
DA:30,3
DA:31,3
DA:32,3
DA:33,4
DA:34,1
DA:35,1
DA:36,3
DA:37,3
DA:38,3
DA:39,3
DA:40,2
DA:41,2
DA:42,3
DA:43,1
DA:44,1
DA:45,9
DA:46,9
DA:47,9
DA:48,3
DA:49,3
DA:50,9
DA:51,9
DA:52,4
DA:53,4
DA:54,9
DA:55,9
DA:56,2
DA:57,2
DA:58,9
DA:59,9
DA:60,3
DA:61,3
DA:62,9
DA:63,9
DA:64,2
DA:65,2
DA:66,9
DA:67,9
DA:68,5
DA:69,5
DA:70,9
DA:71,9
DA:72,4
DA:73,4
DA:74,9
DA:75,9
DA:76,4
DA:77,4
DA:78,9
DA:79,9
DA:80,9
DA:81,1
DA:82,1
DA:83,5
DA:84,5
DA:85,5
DA:86,5
DA:87,5
DA:88,15
DA:89,15
DA:90,10
DA:91,10
DA:92,5
DA:93,5
DA:94,5
DA:95,10
DA:96,10
DA:97,10
DA:98,10
DA:99,10
DA:100,10
DA:101,46
DA:102,8
DA:103,8
DA:104,46
DA:105,46
DA:106,1
DA:107,1
DA:108,46
DA:109,46
DA:110,1
DA:111,1
DA:112,46
DA:113,46
DA:114,1
DA:115,1
DA:116,46
DA:117,46
DA:118,10
DA:119,10
DA:120,10
DA:121,10
DA:122,10
DA:123,10
DA:124,10
DA:125,10
DA:126,10
DA:127,10
DA:128,10
DA:129,10
DA:130,5
DA:131,5
DA:132,5
DA:133,9
DA:134,9
DA:135,9
DA:136,5
DA:137,5
DA:138,5
DA:139,5
DA:140,2
DA:141,2
DA:142,2
DA:143,2
DA:144,0
DA:145,0
DA:146,2
DA:147,2
DA:148,2
DA:149,2
DA:150,2
DA:151,2
DA:152,5
DA:153,5
DA:154,5
DA:155,1
DA:156,1
DA:157,3
DA:158,2
DA:159,2
DA:160,2
DA:161,1
DA:162,1
DA:163,3
DA:164,1
DA:165,1
DA:166,2
DA:167,2
DA:168,2
DA:169,2
DA:170,2
DA:171,1
DA:172,1
DA:173,1
DA:174,2
DA:175,2
DA:176,2
DA:177,2
DA:178,2
DA:179,1
DA:180,1
DA:181,1
DA:182,1
DA:183,1
DA:184,1
DA:185,1
DA:186,1
DA:187,1
DA:188,1
DA:189,1
DA:190,2
DA:191,1
DA:192,1
DA:193,2
DA:194,2
DA:195,2
DA:196,2
DA:197,1
DA:198,1
DA:199,1
DA:200,3
DA:201,3
DA:202,3
DA:203,3
DA:204,3
DA:205,3
DA:206,2
DA:207,2
DA:208,2
DA:209,2
DA:210,2
DA:211,2
DA:212,3
DA:213,3
DA:214,3
DA:215,3
DA:216,1
DA:217,1
DA:218,4
DA:219,4
DA:220,4
DA:221,1
DA:222,1
DA:223,1
DA:224,4
DA:225,4
DA:226,1
DA:227,1
DA:228,4
DA:229,4
DA:230,4
DA:231,4
DA:232,4
DA:233,4
DA:234,4
DA:235,4
DA:236,4
DA:237,4
DA:238,1
DA:239,1
DA:240,4
DA:241,4
DA:242,4
DA:243,4
LF:243
LH:241
BRDA:1,0,0,1
BRDA:17,1,0,4
BRDA:18,2,0,1
BRDA:21,3,0,3
BRDA:24,4,0,2
BRDA:25,5,0,1
BRDA:26,6,0,0
BRDA:29,7,0,3
BRDA:30,8,0,3
BRDA:35,9,0,3
BRDA:39,10,0,2
BRDA:44,11,0,9
BRDA:47,12,0,3
BRDA:51,13,0,4
BRDA:55,14,0,2
BRDA:59,15,0,8
BRDA:59,16,0,3
BRDA:63,17,0,2
BRDA:67,18,0,5
BRDA:71,19,0,4
BRDA:75,20,0,4
BRDA:82,21,0,5
BRDA:87,22,0,15
BRDA:89,23,0,10
BRDA:94,24,0,10
BRDA:126,25,0,3
BRDA:100,26,0,46
BRDA:101,27,0,8
BRDA:105,28,0,1
BRDA:109,29,0,1
BRDA:113,30,0,45
BRDA:113,31,0,1
BRDA:117,32,0,10
BRDA:120,33,0,1
BRDA:121,34,0,1
BRDA:122,35,0,9
BRDA:132,36,0,9
BRDA:133,37,0,8
BRDA:133,38,0,1
BRDA:134,39,0,1
BRDA:134,40,0,8
BRDA:139,41,0,2
BRDA:140,42,0,1
BRDA:143,43,0,0
BRDA:156,44,0,3
BRDA:157,45,0,2
BRDA:157,46,0,2
BRDA:161,47,0,1
BRDA:165,48,0,2
BRDA:178,49,0,1
BRDA:168,50,0,2
BRDA:170,51,0,1
BRDA:182,52,0,1
BRDA:192,53,0,2
BRDA:199,54,0,3
BRDA:205,55,0,2
BRDA:217,56,0,4
BRDA:220,57,0,1
BRDA:227,58,0,4
BRDA:239,59,0,4
BRDA:242,60,0,2
BRF:61
BRH:59
end_of_record
TN:
SF:src/test/js/bundle.test.js
FNF:0
FNH:0
DA:1,1
DA:2,1
DA:3,1
DA:4,1
DA:5,1
DA:6,1
DA:7,1
DA:8,1
DA:9,1
DA:10,1
DA:11,1
LF:11
LH:11
BRDA:1,0,0,1
BRDA:7,1,0,1
BRF:2
BRH:2
end_of_record
TN:
SF:src/test/js/cli.test.js
FN:11,process.exit
FNF:1
FNH:1
FNDA:2,process.exit
DA:1,1
DA:2,1
DA:3,1
DA:4,1
DA:5,1
DA:6,1
DA:7,1
DA:8,1
DA:9,1
DA:10,1
DA:11,1
DA:12,1
DA:13,1
DA:14,1
DA:15,1
DA:16,1
DA:17,1
DA:18,1
DA:19,1
DA:20,1
DA:21,1
DA:22,1
DA:23,1
DA:24,1
DA:25,1
DA:26,1
DA:27,1
DA:28,1
DA:29,1
DA:30,1
DA:31,1
DA:32,1
DA:33,1
DA:34,1
DA:35,1
DA:36,1
DA:37,1
DA:38,1
DA:39,1
DA:40,1
DA:41,1
DA:42,1
DA:43,1
DA:44,1
DA:45,1
DA:46,1
LF:46
LH:46
BRDA:1,0,0,1
BRDA:11,1,0,2
BRDA:13,2,0,1
BRDA:36,3,0,1
BRDA:41,4,0,1
BRF:5
BRH:5
end_of_record
TN:
SF:src/test/js/index.test.js
FNF:0
FNH:0
DA:1,1
DA:2,1
DA:3,1
DA:4,1
DA:5,1
DA:6,1
DA:7,1
DA:8,1
DA:9,1
DA:10,1
DA:11,1
DA:12,1
DA:13,1
DA:14,1
DA:15,1
DA:16,1
DA:17,1
DA:18,1
DA:19,1
DA:20,1
DA:21,1
DA:22,1
DA:23,1
DA:24,1
DA:25,1
DA:26,1
DA:27,1
DA:28,1
DA:29,1
DA:30,1
DA:31,1
DA:32,1
DA:33,1
DA:34,1
DA:35,1
DA:36,1
DA:37,1
DA:38,1
DA:39,1
DA:40,1
DA:41,1
DA:42,1
DA:43,1
DA:44,1
DA:45,1
DA:46,1
DA:47,1
DA:48,1
DA:49,1
DA:50,1
DA:51,1
DA:52,1
DA:53,1
DA:54,1
DA:55,1
DA:56,1
DA:57,1
DA:58,1
DA:59,1
DA:60,1
DA:61,1
DA:62,1
DA:63,1
DA:64,1
DA:65,1
DA:66,1
DA:67,1
DA:68,1
DA:69,1
DA:70,1
DA:71,1
DA:72,1
DA:73,1
DA:74,1
DA:75,1
DA:76,1
DA:77,1
DA:78,1
DA:79,1
DA:80,1
DA:81,1
DA:82,1
DA:83,1
DA:84,1
DA:85,1
DA:86,1
DA:87,1
DA:88,1
DA:89,1
DA:90,1
DA:91,1
DA:92,1
DA:93,1
DA:94,1
DA:95,1
DA:96,1
DA:97,1
DA:98,1
DA:99,1
DA:100,1
DA:101,1
DA:102,1
DA:103,1
DA:104,1
DA:105,1
DA:106,1
DA:107,1
DA:108,1
DA:109,1
DA:110,1
DA:111,1
DA:112,1
DA:113,1
DA:114,1
DA:115,1
DA:116,1
DA:117,1
DA:118,1
DA:119,1
DA:120,1
DA:121,1
DA:122,1
DA:123,1
DA:124,1
DA:125,1
DA:126,1
DA:127,1
DA:128,1
DA:129,1
DA:130,1
DA:131,1
DA:132,1
DA:133,1
DA:134,1
DA:135,1
DA:136,1
DA:137,1
DA:138,1
DA:139,1
DA:140,1
DA:141,1
DA:142,1
DA:143,1
DA:144,1
DA:145,1
DA:146,1
DA:147,1
DA:148,1
DA:149,1
DA:150,1
DA:151,1
DA:152,1
DA:153,1
DA:154,1
DA:155,1
DA:156,1
DA:157,1
DA:158,1
DA:159,1
DA:160,1
DA:161,1
DA:162,1
DA:163,1
DA:164,1
DA:165,1
DA:166,1
DA:167,1
DA:168,1
DA:169,1
DA:170,1
DA:171,1
DA:172,1
DA:173,1
DA:174,1
DA:175,1
DA:176,1
DA:177,1
DA:178,1
DA:179,1
DA:180,1
DA:181,1
DA:182,1
DA:183,1
DA:184,1
DA:185,1
DA:186,1
DA:187,1
DA:188,1
DA:189,1
DA:190,1
DA:191,1
DA:192,1
DA:193,1
DA:194,1
DA:195,1
DA:196,1
DA:197,1
DA:198,1
DA:199,1
DA:200,1
DA:201,1
DA:202,1
DA:203,1
DA:204,1
DA:205,1
DA:206,1
DA:207,1
DA:208,1
DA:209,1
DA:210,1
DA:211,1
DA:212,1
DA:213,1
DA:214,1
DA:215,1
DA:216,1
DA:217,1
DA:218,1
DA:219,1
DA:220,1
DA:221,1
DA:222,1
DA:223,1
DA:224,1
DA:225,1
LF:225
LH:225
BRDA:1,0,0,1
BRDA:10,1,0,1
BRDA:64,2,0,1
BRDA:78,3,0,1
BRDA:81,4,0,0
BRDA:87,5,0,1
BRDA:143,6,0,1
BRDA:162,7,0,1
BRDA:187,8,0,1
BRDA:201,9,0,1
BRDA:209,10,0,1
BRF:11
BRH:10
end_of_record
