TN:
SF:src/main/js/cli.js
FN:7,densify
FN:11,camelize
FN:12,normalizeFlags
FNF:3
FNH:3
FNDA:1,densify
FNDA:7,camelize
FNDA:3,normalizeFlags
DA:1,3
DA:2,3
DA:3,3
DA:4,3
DA:5,3
DA:6,3
DA:7,3
DA:8,1
DA:9,1
DA:10,1
DA:11,3
DA:12,3
DA:13,3
DA:14,7
DA:15,1
DA:16,1
DA:17,1
DA:18,7
DA:19,7
DA:20,3
DA:21,3
DA:22,3
DA:23,3
DA:24,3
DA:25,1
DA:26,1
DA:27,1
DA:28,1
DA:29,1
DA:30,1
DA:31,1
DA:32,1
DA:33,1
DA:34,1
DA:35,1
DA:36,1
DA:37,1
DA:38,1
DA:39,1
DA:40,1
DA:41,3
DA:42,1
DA:43,1
DA:44,1
DA:45,1
DA:46,1
DA:47,1
DA:48,1
DA:49,1
DA:50,1
DA:51,1
DA:52,1
DA:53,1
LF:53
LH:53
BRDA:1,0,0,3
BRDA:24,1,0,2
BRDA:24,2,0,1
BRDA:41,3,0,2
BRDA:41,4,0,1
BRDA:41,5,0,1
BRDA:47,6,0,0
BRDA:7,7,0,1
BRDA:8,8,0,4
BRDA:8,9,0,1
BRDA:11,10,0,7
BRDA:11,11,0,2
BRDA:12,12,0,3
BRDA:13,13,0,7
BRDA:14,14,0,1
BRF:15
BRH:14
end_of_record
TN:
SF:src/main/js/index.js
FN:9,fix
FN:23,patch
FN:40,patchOpenapiRef
FN:49,patchClassRequire
FNF:4
FNH:4
FNDA:4,fix
FNDA:3,patch
FNDA:3,patchOpenapiRef
FNDA:2,patchClassRequire
DA:1,1
DA:2,1
DA:3,1
DA:4,1
DA:5,1
DA:6,1
DA:7,1
DA:8,1
DA:9,1
DA:10,4
DA:11,1
DA:12,1
DA:13,3
DA:14,3
DA:15,4
DA:16,4
DA:17,3
DA:18,3
DA:19,3
DA:20,3
DA:21,4
DA:22,1
DA:23,1
DA:24,3
DA:25,3
DA:26,3
DA:27,3
DA:28,3
DA:29,3
DA:30,3
DA:31,3
DA:32,2
DA:33,2
DA:34,3
DA:35,3
DA:36,2
DA:37,2
DA:38,3
DA:39,1
DA:40,1
DA:41,3
DA:42,2
DA:43,2
DA:44,2
DA:45,1
DA:46,1
DA:47,3
DA:48,1
DA:49,1
DA:50,2
DA:51,2
DA:52,2
DA:53,1
DA:54,1
DA:55,1
DA:56,2
DA:57,2
DA:58,2
DA:59,1
DA:60,1
DA:61,1
DA:62,1
DA:63,1
DA:64,1
DA:65,1
DA:66,1
DA:67,1
DA:68,1
DA:69,1
DA:70,2
LF:70
LH:70
BRDA:1,0,0,1
BRDA:9,1,0,4
BRDA:10,2,0,1
BRDA:13,3,0,3
BRDA:15,4,0,2
BRDA:15,5,0,1
BRDA:17,6,0,3
BRDA:18,7,0,3
BRDA:23,8,0,3
BRDA:31,9,0,2
BRDA:35,10,0,2
BRDA:40,11,0,3
BRDA:41,12,0,2
BRDA:41,13,0,2
BRDA:45,14,0,1
BRDA:49,15,0,2
BRDA:58,16,0,1
BRDA:52,17,0,1
BRDA:62,18,0,1
BRF:19
BRH:19
end_of_record
