TN:
SF:src/main/js/cli.js
FN:7,densify
FN:11,camelize
FN:12,normalizeFlags
FNF:3
FNH:3
FNDA:1,densify
FNDA:7,camelize
FNDA:3,normalizeFlags
DA:1,3
DA:2,3
DA:3,3
DA:4,3
DA:5,3
DA:6,3
DA:7,3
DA:8,1
DA:9,1
DA:10,1
DA:11,3
DA:12,3
DA:13,3
DA:14,7
DA:15,0
DA:16,0
DA:17,0
DA:18,7
DA:19,7
DA:20,3
DA:21,3
DA:22,3
DA:23,3
DA:24,3
DA:25,1
DA:26,1
DA:27,1
DA:28,1
DA:29,1
DA:30,1
DA:31,1
DA:32,1
DA:33,1
DA:34,1
DA:35,1
DA:36,1
DA:37,1
DA:38,1
DA:39,1
DA:40,1
DA:41,1
DA:42,3
DA:43,1
DA:44,1
DA:45,1
DA:46,1
DA:47,1
DA:48,1
DA:49,1
DA:50,1
DA:51,1
DA:52,1
DA:53,1
DA:54,1
LF:54
LH:51
BRDA:1,0,0,3
BRDA:24,1,0,2
BRDA:24,2,0,1
BRDA:42,3,0,2
BRDA:42,4,0,1
BRDA:42,5,0,1
BRDA:48,6,0,0
BRDA:7,7,0,1
BRDA:8,8,0,4
BRDA:8,9,0,2
BRDA:11,10,0,7
BRDA:12,11,0,3
BRDA:13,12,0,7
BRDA:14,13,0,0
BRF:14
BRH:12
end_of_record
TN:
SF:src/main/js/index.js
FN:16,fix
FN:34,patch
FN:43,patchContents
FN:77,patchOpenapiMetadataFactory
FN:115,declareField
FN:134,patchOpenapiVariable
FN:143,patchClassRequire
FN:170,patchDirnameVar
FN:176,patchBuiltinsRequire
FN:194,patchRequireMain
FN:204,patchRedocTemplate
FNF:11
FNH:11
FNDA:4,fix
FNDA:3,patch
FNDA:7,patchContents
FNDA:4,patchOpenapiMetadataFactory
FNDA:8,declareField
FNDA:3,patchOpenapiVariable
FNDA:3,patchClassRequire
FNDA:2,patchDirnameVar
FNDA:4,patchBuiltinsRequire
FNDA:4,patchRequireMain
FNDA:4,patchRedocTemplate
DA:1,1
DA:2,1
DA:3,1
DA:4,1
DA:5,1
DA:6,1
DA:7,1
DA:8,1
DA:9,1
DA:10,1
DA:11,1
DA:12,1
DA:13,1
DA:14,1
DA:15,1
DA:16,1
DA:17,4
DA:18,1
DA:19,1
DA:20,3
DA:21,3
DA:22,3
DA:23,4
DA:24,1
DA:25,1
DA:26,4
DA:27,4
DA:28,3
DA:29,1
DA:30,1
DA:31,1
DA:32,1
DA:33,1
DA:34,1
DA:35,3
DA:36,3
DA:37,3
DA:38,3
DA:39,1
DA:40,1
DA:41,1
DA:42,1
DA:43,1
DA:44,7
DA:45,7
DA:46,7
DA:47,7
DA:48,7
DA:49,7
DA:50,7
DA:51,7
DA:52,7
DA:53,7
DA:54,7
DA:55,7
DA:56,7
DA:57,7
DA:58,7
DA:59,7
DA:60,7
DA:61,7
DA:62,7
DA:63,7
DA:64,7
DA:65,7
DA:66,7
DA:67,7
DA:68,7
DA:69,7
DA:70,7
DA:71,7
DA:72,7
DA:73,7
DA:74,1
DA:75,1
DA:76,1
DA:77,1
DA:78,4
DA:79,4
DA:80,13
DA:81,13
DA:82,13
DA:83,13
DA:84,9
DA:85,4
DA:86,4
DA:87,4
DA:88,4
DA:89,4
DA:90,9
DA:91,9
DA:92,9
DA:93,9
DA:94,9
DA:95,9
DA:96,41
DA:97,41
DA:98,41
DA:99,41
DA:100,41
DA:101,41
DA:102,41
DA:103,41
DA:104,41
DA:105,9
DA:106,9
DA:107,9
DA:108,9
DA:109,9
DA:110,9
DA:111,9
DA:112,4
DA:113,4
DA:114,4
DA:115,4
DA:116,8
DA:117,8
DA:118,4
DA:119,4
DA:120,4
DA:121,1
DA:122,0
DA:123,1
DA:124,1
DA:125,1
DA:126,1
DA:127,1
DA:128,4
DA:129,1
DA:130,1
DA:131,1
DA:132,1
DA:133,1
DA:134,1
DA:135,3
DA:136,2
DA:137,1
DA:138,1
DA:139,1
DA:140,1
DA:141,1
DA:142,1
DA:143,1
DA:144,3
DA:145,3
DA:146,3
DA:147,1
DA:148,1
DA:149,1
DA:150,1
DA:151,1
DA:152,1
DA:153,3
DA:154,3
DA:155,3
DA:156,3
DA:157,1
DA:158,1
DA:159,1
DA:160,1
DA:161,1
DA:162,1
DA:163,3
DA:164,2
DA:165,2
DA:166,2
DA:167,1
DA:168,1
DA:169,1
DA:170,1
DA:171,2
DA:172,1
DA:173,1
DA:174,1
DA:175,1
DA:176,1
DA:177,4
DA:178,4
DA:179,4
DA:180,4
DA:181,4
DA:182,4
DA:183,2
DA:184,2
DA:185,2
DA:186,2
DA:187,2
DA:188,4
DA:189,4
DA:190,4
DA:191,1
DA:192,1
DA:193,1
DA:194,1
DA:195,4
DA:196,4
DA:197,1
DA:198,1
DA:199,1
DA:200,1
DA:201,1
DA:202,1
DA:203,1
DA:204,1
DA:205,4
DA:206,4
DA:207,4
DA:208,4
DA:209,4
DA:210,4
DA:211,4
DA:212,1
DA:213,1
DA:214,1
LF:214
LH:213
BRDA:1,0,0,1
BRDA:16,1,0,4
BRDA:17,2,0,1
BRDA:20,3,0,3
BRDA:23,4,0,2
BRDA:23,5,0,1
BRDA:24,6,0,0
BRDA:27,7,0,3
BRDA:29,8,0,3
BRDA:34,9,0,3
BRDA:38,10,0,2
BRDA:43,11,0,7
BRDA:46,12,0,3
BRDA:50,13,0,3
BRDA:54,14,0,6
BRDA:54,15,0,4
BRDA:58,16,0,2
BRDA:62,17,0,4
BRDA:66,18,0,4
BRDA:70,19,0,4
BRDA:77,20,0,4
BRDA:79,21,0,13
BRDA:83,22,0,9
BRDA:89,23,0,9
BRDA:109,24,0,2
BRDA:95,25,0,41
BRDA:96,26,0,9
BRDA:100,27,0,8
BRDA:104,28,0,1
BRDA:115,29,0,8
BRDA:116,30,0,0
BRDA:116,31,0,1
BRDA:117,32,0,7
BRDA:120,33,0,1
BRDA:122,34,0,0
BRDA:134,35,0,3
BRDA:135,36,0,2
BRDA:135,37,0,2
BRDA:137,38,0,1
BRDA:143,39,0,3
BRDA:156,40,0,1
BRDA:163,41,0,2
BRDA:146,42,0,1
BRDA:159,43,0,1
BRDA:170,44,0,2
BRDA:176,45,0,4
BRDA:182,46,0,2
BRDA:194,47,0,4
BRDA:196,48,0,1
BRDA:204,49,0,4
BRF:50
BRH:47
end_of_record
TN:
SF:src/test/js/bundle.test.js
FNF:0
FNH:0
DA:1,1
DA:2,1
DA:3,1
DA:4,1
DA:5,1
DA:6,1
DA:7,1
DA:8,1
DA:9,1
DA:10,1
DA:11,1
LF:11
LH:11
BRDA:1,0,0,1
BRDA:7,1,0,1
BRF:2
BRH:2
end_of_record
TN:
SF:src/test/js/cli.test.js
FN:11,process.exit
FNF:1
FNH:1
FNDA:2,process.exit
DA:1,1
DA:2,1
DA:3,1
DA:4,1
DA:5,1
DA:6,1
DA:7,1
DA:8,1
DA:9,1
DA:10,1
DA:11,1
DA:12,1
DA:13,1
DA:14,1
DA:15,1
DA:16,1
DA:17,1
DA:18,1
DA:19,1
DA:20,1
DA:21,1
DA:22,1
DA:23,1
DA:24,1
DA:25,1
DA:26,1
DA:27,1
DA:28,1
DA:29,1
DA:30,1
DA:31,1
DA:32,1
DA:33,1
DA:34,1
DA:35,1
DA:36,1
DA:37,1
DA:38,1
DA:39,1
DA:40,1
DA:41,1
DA:42,1
DA:43,1
DA:44,1
DA:45,1
LF:45
LH:45
BRDA:1,0,0,1
BRDA:11,1,0,2
BRDA:13,2,0,1
BRDA:35,3,0,1
BRDA:40,4,0,1
BRF:5
BRH:5
end_of_record
TN:
SF:src/test/js/index.test.js
FNF:0
FNH:0
DA:1,1
DA:2,1
DA:3,1
DA:4,1
DA:5,1
DA:6,1
DA:7,1
DA:8,1
DA:9,1
DA:10,1
DA:11,1
DA:12,1
DA:13,1
DA:14,1
DA:15,1
DA:16,1
DA:17,1
DA:18,1
DA:19,1
DA:20,1
DA:21,1
DA:22,1
DA:23,1
DA:24,1
DA:25,1
DA:26,1
DA:27,1
DA:28,1
DA:29,1
DA:30,1
DA:31,1
DA:32,1
DA:33,1
DA:34,1
DA:35,1
DA:36,1
DA:37,1
DA:38,1
DA:39,1
DA:40,1
DA:41,1
DA:42,1
DA:43,1
DA:44,1
DA:45,1
DA:46,1
DA:47,1
DA:48,1
DA:49,1
DA:50,1
DA:51,1
DA:52,1
DA:53,1
DA:54,1
DA:55,1
DA:56,1
DA:57,1
DA:58,1
DA:59,1
DA:60,1
DA:61,1
DA:62,1
DA:63,1
DA:64,1
DA:65,1
DA:66,1
DA:67,1
DA:68,1
DA:69,1
DA:70,1
DA:71,1
DA:72,1
DA:73,1
DA:74,1
DA:75,1
DA:76,1
DA:77,1
DA:78,1
DA:79,1
DA:80,1
DA:81,1
DA:82,1
DA:83,1
DA:84,1
DA:85,1
DA:86,1
DA:87,1
DA:88,1
DA:89,1
DA:90,1
DA:91,1
DA:92,1
DA:93,1
DA:94,1
DA:95,1
DA:96,1
DA:97,1
DA:98,1
DA:99,1
DA:100,1
DA:101,1
DA:102,1
DA:103,1
DA:104,1
DA:105,1
DA:106,1
DA:107,1
DA:108,1
DA:109,1
DA:110,1
DA:111,1
DA:112,1
DA:113,1
DA:114,1
DA:115,1
DA:116,1
DA:117,1
DA:118,1
DA:119,1
DA:120,1
DA:121,1
DA:122,1
DA:123,1
DA:124,1
DA:125,1
DA:126,1
DA:127,1
DA:128,1
DA:129,1
DA:130,1
DA:131,1
DA:132,1
DA:133,1
DA:134,1
DA:135,1
DA:136,1
DA:137,1
DA:138,1
DA:139,1
DA:140,1
DA:141,1
DA:142,1
DA:143,1
DA:144,1
DA:145,1
DA:146,1
DA:147,1
DA:148,1
DA:149,1
DA:150,1
DA:151,1
DA:152,1
DA:153,1
DA:154,1
DA:155,1
DA:156,1
DA:157,1
DA:158,1
DA:159,1
DA:160,1
DA:161,1
DA:162,1
DA:163,1
DA:164,1
DA:165,1
DA:166,1
DA:167,1
DA:168,1
DA:169,1
DA:170,1
DA:171,1
DA:172,1
DA:173,1
DA:174,1
DA:175,1
DA:176,1
DA:177,1
DA:178,1
DA:179,1
DA:180,1
DA:181,1
DA:182,1
DA:183,1
DA:184,1
DA:185,1
DA:186,1
DA:187,1
DA:188,1
DA:189,1
LF:189
LH:189
BRDA:1,0,0,1
BRDA:10,1,0,1
BRDA:63,2,0,1
BRDA:77,3,0,1
BRDA:80,4,0,0
BRDA:86,5,0,1
BRDA:142,6,0,1
BRDA:167,7,0,1
BRDA:181,8,0,1
BRF:9
BRH:8
end_of_record
