TN:
SF:src/main/js/cli.js
FN:7,densify
FN:11,camelize
FN:12,normalizeFlags
FNF:3
FNH:3
FNDA:1,densify
FNDA:7,camelize
FNDA:3,normalizeFlags
DA:1,3
DA:2,3
DA:3,3
DA:4,3
DA:5,3
DA:6,3
DA:7,3
DA:8,1
DA:9,1
DA:10,1
DA:11,3
DA:12,3
DA:13,3
DA:14,7
DA:15,0
DA:16,0
DA:17,0
DA:18,7
DA:19,7
DA:20,3
DA:21,3
DA:22,3
DA:23,3
DA:24,3
DA:25,1
DA:26,1
DA:27,1
DA:28,1
DA:29,1
DA:30,1
DA:31,1
DA:32,1
DA:33,1
DA:34,1
DA:35,1
DA:36,1
DA:37,1
DA:38,1
DA:39,1
DA:40,1
DA:41,1
DA:42,1
DA:43,1
DA:44,1
DA:45,1
DA:46,1
DA:47,3
DA:48,1
DA:49,1
DA:50,1
DA:51,1
DA:52,1
DA:53,1
DA:54,1
DA:55,1
DA:56,1
DA:57,1
DA:58,1
LF:58
LH:55
BRDA:1,0,0,3
BRDA:24,1,0,2
BRDA:24,2,0,1
BRDA:47,3,0,2
BRDA:47,4,0,1
BRDA:47,5,0,1
BRDA:54,6,0,0
BRDA:7,7,0,1
BRDA:8,8,0,4
BRDA:8,9,0,0
BRDA:11,10,0,7
BRDA:12,11,0,3
BRDA:13,12,0,7
BRDA:14,13,0,0
BRF:14
BRH:11
end_of_record
TN:
SF:src/main/js/index.js
FN:15,fix
FNF:1
FNH:1
FNDA:4,fix
DA:1,1
DA:2,1
DA:3,1
DA:4,1
DA:5,1
DA:6,1
DA:7,1
DA:8,1
DA:9,1
DA:10,1
DA:11,1
DA:12,1
DA:13,1
DA:14,1
DA:15,1
DA:16,4
DA:17,1
DA:18,1
DA:19,3
DA:20,3
DA:21,3
DA:22,4
DA:23,4
DA:24,1
DA:25,1
DA:26,4
DA:27,3
DA:28,3
DA:29,4
LF:29
LH:29
BRDA:1,0,0,1
BRDA:15,1,0,4
BRDA:16,2,0,1
BRDA:19,3,0,3
BRDA:22,4,0,2
BRDA:23,5,0,1
BRDA:24,6,0,0
BRDA:27,7,0,3
BRDA:28,8,0,3
BRF:9
BRH:8
end_of_record
TN:
SF:src/main/js/patch.js
FN:5,patchFile
FN:14,patchContents
FN:52,patchOpenapiMetadataFactory
FN:102,declareField
FN:126,patchOpenapiVariable
FN:135,patchClassRequire
FN:162,patchDirnameVar
FN:169,patchBuiltinsRequire
FN:187,patchRequireMain
FN:197,patchRedocTemplate
FN:209,patchComplexTypes
FNF:11
FNH:11
FNDA:3,patchFile
FNDA:9,patchContents
FNDA:5,patchOpenapiMetadataFactory
FNDA:9,declareField
FNDA:3,patchOpenapiVariable
FNDA:2,patchClassRequire
FNDA:2,patchDirnameVar
FNDA:3,patchBuiltinsRequire
FNDA:4,patchRequireMain
FNDA:4,patchRedocTemplate
FNDA:4,patchComplexTypes
DA:1,1
DA:2,1
DA:3,1
DA:4,1
DA:5,1
DA:6,3
DA:7,3
DA:8,3
DA:9,3
DA:10,2
DA:11,2
DA:12,3
DA:13,1
DA:14,1
DA:15,9
DA:16,9
DA:17,9
DA:18,3
DA:19,3
DA:20,9
DA:21,9
DA:22,4
DA:23,4
DA:24,9
DA:25,9
DA:26,2
DA:27,2
DA:28,9
DA:29,9
DA:30,3
DA:31,3
DA:32,9
DA:33,9
DA:34,2
DA:35,2
DA:36,9
DA:37,9
DA:38,5
DA:39,5
DA:40,9
DA:41,9
DA:42,4
DA:43,4
DA:44,9
DA:45,9
DA:46,4
DA:47,4
DA:48,9
DA:49,9
DA:50,9
DA:51,1
DA:52,1
DA:53,5
DA:54,5
DA:55,5
DA:56,5
DA:57,5
DA:58,15
DA:59,15
DA:60,10
DA:61,10
DA:62,5
DA:63,5
DA:64,5
DA:65,10
DA:66,10
DA:67,10
DA:68,10
DA:69,10
DA:70,10
DA:71,46
DA:72,8
DA:73,8
DA:74,46
DA:75,46
DA:76,1
DA:77,1
DA:78,46
DA:79,46
DA:80,1
DA:81,1
DA:82,46
DA:83,46
DA:84,1
DA:85,1
DA:86,46
DA:87,46
DA:88,10
DA:89,10
DA:90,10
DA:91,10
DA:92,10
DA:93,10
DA:94,10
DA:95,10
DA:96,10
DA:97,10
DA:98,10
DA:99,10
DA:100,5
DA:101,5
DA:102,5
DA:103,9
DA:104,9
DA:105,9
DA:106,5
DA:107,5
DA:108,5
DA:109,5
DA:110,2
DA:111,2
DA:112,2
DA:113,2
DA:114,0
DA:115,0
DA:116,2
DA:117,2
DA:118,2
DA:119,2
DA:120,2
DA:121,2
DA:122,5
DA:123,5
DA:124,5
DA:125,1
DA:126,1
DA:127,3
DA:128,2
DA:129,2
DA:130,2
DA:131,1
DA:132,1
DA:133,3
DA:134,1
DA:135,1
DA:136,2
DA:137,2
DA:138,2
DA:139,2
DA:140,2
DA:141,1
DA:142,1
DA:143,1
DA:144,2
DA:145,2
DA:146,2
DA:147,2
DA:148,2
DA:149,1
DA:150,1
DA:151,1
DA:152,1
DA:153,1
DA:154,1
DA:155,1
DA:156,1
DA:157,1
DA:158,1
DA:159,1
DA:160,2
DA:161,1
DA:162,1
DA:163,2
DA:164,2
DA:165,2
DA:166,2
DA:167,1
DA:168,1
DA:169,1
DA:170,3
DA:171,3
DA:172,3
DA:173,3
DA:174,3
DA:175,3
DA:176,2
DA:177,2
DA:178,2
DA:179,2
DA:180,2
DA:181,2
DA:182,3
DA:183,3
DA:184,3
DA:185,3
DA:186,1
DA:187,1
DA:188,4
DA:189,4
DA:190,4
DA:191,1
DA:192,1
DA:193,1
DA:194,4
DA:195,4
DA:196,1
DA:197,1
DA:198,4
DA:199,4
DA:200,4
DA:201,4
DA:202,4
DA:203,4
DA:204,4
DA:205,4
DA:206,4
DA:207,4
DA:208,1
DA:209,1
DA:210,4
DA:211,4
DA:212,4
DA:213,4
LF:213
LH:211
BRDA:1,0,0,1
BRDA:5,1,0,3
BRDA:9,2,0,2
BRDA:14,3,0,9
BRDA:17,4,0,3
BRDA:21,5,0,4
BRDA:25,6,0,2
BRDA:29,7,0,8
BRDA:29,8,0,3
BRDA:33,9,0,2
BRDA:37,10,0,5
BRDA:41,11,0,4
BRDA:45,12,0,4
BRDA:52,13,0,5
BRDA:57,14,0,15
BRDA:59,15,0,10
BRDA:64,16,0,10
BRDA:96,17,0,3
BRDA:70,18,0,46
BRDA:71,19,0,8
BRDA:75,20,0,1
BRDA:79,21,0,1
BRDA:83,22,0,45
BRDA:83,23,0,1
BRDA:87,24,0,10
BRDA:90,25,0,1
BRDA:91,26,0,1
BRDA:92,27,0,9
BRDA:102,28,0,9
BRDA:103,29,0,8
BRDA:103,30,0,1
BRDA:104,31,0,1
BRDA:104,32,0,8
BRDA:109,33,0,2
BRDA:110,34,0,1
BRDA:113,35,0,0
BRDA:126,36,0,3
BRDA:127,37,0,2
BRDA:127,38,0,2
BRDA:131,39,0,1
BRDA:135,40,0,2
BRDA:148,41,0,1
BRDA:138,42,0,2
BRDA:140,43,0,1
BRDA:152,44,0,1
BRDA:162,45,0,2
BRDA:169,46,0,3
BRDA:175,47,0,2
BRDA:187,48,0,4
BRDA:190,49,0,1
BRDA:197,50,0,4
BRDA:209,51,0,4
BRDA:212,52,0,2
BRF:53
BRH:52
end_of_record
TN:
SF:src/test/js/bundle.test.js
FNF:0
FNH:0
DA:1,1
DA:2,1
DA:3,1
DA:4,1
DA:5,1
DA:6,1
DA:7,1
DA:8,1
DA:9,1
DA:10,1
DA:11,1
LF:11
LH:11
BRDA:1,0,0,1
BRDA:7,1,0,1
BRF:2
BRH:2
end_of_record
TN:
SF:src/test/js/cli.test.js
FN:11,process.exit
FNF:1
FNH:1
FNDA:2,process.exit
DA:1,1
DA:2,1
DA:3,1
DA:4,1
DA:5,1
DA:6,1
DA:7,1
DA:8,1
DA:9,1
DA:10,1
DA:11,1
DA:12,1
DA:13,1
DA:14,1
DA:15,1
DA:16,1
DA:17,1
DA:18,1
DA:19,1
DA:20,1
DA:21,1
DA:22,1
DA:23,1
DA:24,1
DA:25,1
DA:26,1
DA:27,1
DA:28,1
DA:29,1
DA:30,1
DA:31,1
DA:32,1
DA:33,1
DA:34,1
DA:35,1
DA:36,1
DA:37,1
DA:38,1
DA:39,1
DA:40,1
DA:41,1
DA:42,1
DA:43,1
DA:44,1
DA:45,1
DA:46,1
LF:46
LH:46
BRDA:1,0,0,1
BRDA:11,1,0,2
BRDA:13,2,0,1
BRDA:36,3,0,1
BRDA:41,4,0,1
BRF:5
BRH:5
end_of_record
TN:
SF:src/test/js/index.test.js
FNF:0
FNH:0
DA:1,1
DA:2,1
DA:3,1
DA:4,1
DA:5,1
DA:6,1
DA:7,1
DA:8,1
DA:9,1
DA:10,1
DA:11,1
DA:12,1
DA:13,1
DA:14,1
DA:15,1
DA:16,1
DA:17,1
DA:18,1
DA:19,1
DA:20,1
DA:21,1
DA:22,1
DA:23,1
DA:24,1
DA:25,1
DA:26,1
DA:27,1
DA:28,1
DA:29,1
DA:30,1
DA:31,1
DA:32,1
DA:33,1
DA:34,1
DA:35,1
DA:36,1
DA:37,1
DA:38,1
DA:39,1
DA:40,1
DA:41,1
DA:42,1
DA:43,1
DA:44,1
DA:45,1
DA:46,1
DA:47,1
DA:48,1
DA:49,1
DA:50,1
DA:51,1
DA:52,1
DA:53,1
DA:54,1
DA:55,1
DA:56,1
DA:57,1
DA:58,1
DA:59,1
DA:60,1
DA:61,1
DA:62,1
DA:63,1
DA:64,1
DA:65,1
DA:66,1
DA:67,1
DA:68,1
DA:69,1
DA:70,1
DA:71,1
DA:72,1
DA:73,1
DA:74,1
DA:75,1
DA:76,1
DA:77,1
DA:78,1
DA:79,1
DA:80,1
DA:81,1
DA:82,1
DA:83,1
DA:84,1
DA:85,1
DA:86,1
DA:87,1
LF:87
LH:87
BRDA:1,0,0,1
BRDA:10,1,0,1
BRDA:64,2,0,1
BRDA:78,3,0,1
BRDA:81,4,0,0
BRF:5
BRH:4
end_of_record
TN:
SF:src/test/js/patch.test.js
FNF:0
FNH:0
DA:1,1
DA:2,1
DA:3,1
DA:4,1
DA:5,1
DA:6,1
DA:7,1
DA:8,1
DA:9,1
DA:10,1
DA:11,1
DA:12,1
DA:13,1
DA:14,1
DA:15,1
DA:16,1
DA:17,1
DA:18,1
DA:19,1
DA:20,1
DA:21,1
DA:22,1
DA:23,1
DA:24,1
DA:25,1
DA:26,1
DA:27,1
DA:28,1
DA:29,1
DA:30,1
DA:31,1
DA:32,1
DA:33,1
DA:34,1
DA:35,1
DA:36,1
DA:37,1
DA:38,1
DA:39,1
DA:40,1
DA:41,1
DA:42,1
DA:43,1
DA:44,1
DA:45,1
DA:46,1
DA:47,1
DA:48,1
DA:49,1
DA:50,1
DA:51,1
DA:52,1
DA:53,1
DA:54,1
DA:55,1
DA:56,1
DA:57,1
DA:58,1
DA:59,1
DA:60,1
DA:61,1
DA:62,1
DA:63,1
DA:64,1
DA:65,1
DA:66,1
DA:67,1
DA:68,1
DA:69,1
DA:70,1
DA:71,1
DA:72,1
DA:73,1
DA:74,1
DA:75,1
DA:76,1
DA:77,1
DA:78,1
DA:79,1
DA:80,1
DA:81,1
DA:82,1
DA:83,1
DA:84,1
DA:85,1
DA:86,1
DA:87,1
DA:88,1
DA:89,1
DA:90,1
DA:91,1
DA:92,1
DA:93,1
DA:94,1
DA:95,1
DA:96,1
DA:97,1
DA:98,1
DA:99,1
DA:100,1
DA:101,1
DA:102,1
DA:103,1
DA:104,1
DA:105,1
DA:106,1
DA:107,1
DA:108,1
DA:109,1
DA:110,1
DA:111,1
DA:112,1
DA:113,1
DA:114,1
DA:115,1
DA:116,1
DA:117,1
DA:118,1
DA:119,1
DA:120,1
DA:121,1
DA:122,1
DA:123,1
DA:124,1
DA:125,1
DA:126,1
DA:127,1
DA:128,1
DA:129,1
DA:130,1
DA:131,1
DA:132,1
DA:133,1
DA:134,1
DA:135,1
DA:136,1
DA:137,1
DA:138,1
DA:139,1
DA:140,1
DA:141,1
DA:142,1
DA:143,1
DA:144,1
DA:145,1
LF:145
LH:145
BRDA:1,0,0,1
BRDA:7,1,0,1
BRDA:63,2,0,1
BRDA:82,3,0,1
BRDA:107,4,0,1
BRDA:121,5,0,1
BRDA:129,6,0,1
BRF:7
BRH:7
end_of_record
